Using pre-set license

 COMMAND LINE ARGUMENTS:
/Applications/Unity/Hub/Editor/2020.3.9f1/Unity.app/Contents/MacOS/Unity
-adb2
-batchMode
-noUpm
-name
AssetImportWorker0
-projectPath
/Users/user/Gamejam_2023
-logFile
Logs/AssetImportWorker0.log
-srvPort
57314
Successfully changed project path to: /Users/user/Gamejam_2023
/Users/user/Gamejam_2023
Using Asset Import Pipeline V2.
Refreshing native plugins compatible for Editor in 77.84 ms, found 2 plugins.
Preloading 0 native plugins for Editor in 0.00 ms.
Initialize engine version: 2020.3.9f1 (108be757e447)
[Subsystems] Discovering subsystems at path /Applications/Unity/Hub/Editor/2020.3.9f1/Unity.app/Contents/Resources/UnitySubsystems
[Subsystems] Discovering subsystems at path /Users/user/Gamejam_2023/Assets
GfxDevice: creating device client; threaded=0
2023-02-04 16:54:14.180 Unity[82131:13724851] (null) preferred device: Apple M1 Pro (high power)
2023-02-04 16:54:14.180 Unity[82131:13724851] Metal devices available: 1
2023-02-04 16:54:14.180 Unity[82131:13724851] 0: Apple M1 Pro (high power)
2023-02-04 16:54:14.180 Unity[82131:13724851] Using device Apple M1 Pro (high power)
Initializing Metal device caps: Apple M1 Pro
Shader 'MoreMountains/MMRipple': fallback shader 'Particle/AlphaBlended' not found
Initialize mono
Mono path[0] = '/Applications/Unity/Hub/Editor/2020.3.9f1/Unity.app/Contents/Managed'
Mono path[1] = '/Applications/Unity/Hub/Editor/2020.3.9f1/Unity.app/Contents/MonoBleedingEdge/lib/mono/unityjit'
Mono config path = '/Applications/Unity/Hub/Editor/2020.3.9f1/Unity.app/Contents/MonoBleedingEdge/etc'
Using monoOptions --debugger-agent=transport=dt_socket,embedding=1,server=y,suspend=n,address=127.0.0.1:56131
Begin MonoManager ReloadAssembly
Registering precompiled unity dll's ...
Register platform support module: /Applications/Unity/Hub/Editor/2020.3.9f1/Unity.app/Contents/PlaybackEngines/MacStandaloneSupport/UnityEditor.OSXStandalone.Extensions.dll
Trying to register platform support module: /Applications/Unity/Hub/Editor/2020.3.9f1/PlaybackEngines/WindowsStandaloneSupport/UnityEditor.WindowsStandalone.Extensions.dll (that doesn't exist). Retrying without overrides.
Platform support module is not available: /Applications/Unity/Hub/Editor/2020.3.9f1/PlaybackEngines/WindowsStandaloneSupport/UnityEditor.WindowsStandalone.Extensions.dll
Registered in 0.000500 seconds.
Native extension for OSXStandalone target not found
Refreshing native plugins compatible for Editor in 80.96 ms, found 2 plugins.
Preloading 0 native plugins for Editor in 0.00 ms.
Mono: successfully reloaded assembly
- Completed reload, in  2.589 seconds
Platform modules already initialized, skipping
Registering precompiled user dll's ...
Registered in 0.002046 seconds.
Begin MonoManager ReloadAssembly
Native extension for OSXStandalone target not found
Refreshing native plugins compatible for Editor in 80.88 ms, found 2 plugins.
Preloading 0 native plugins for Editor in 0.00 ms.
Mono: successfully reloaded assembly
- Completed reload, in  1.885 seconds
Platform modules already initialized, skipping
========================================================================
Worker process is ready to serve import requests
Shader 'MoreMountains/MMRipple': fallback shader 'Particle/AlphaBlended' not found
Launching external process: /Applications/Unity/Hub/Editor/2020.3.9f1/Unity.app/Contents/Tools/UnityShaderCompiler
Launched and connected shader compiler UnityShaderCompiler after 0.03 seconds
Refreshing native plugins compatible for Editor in 1.19 ms, found 2 plugins.
Preloading 0 native plugins for Editor in 0.00 ms.
Unloading 3220 Unused Serialized files (Serialized files now loaded: 0)
System memory in use before: 190.1 MB.
System memory in use after: 190.2 MB.

Unloading 36 unused Assets to reduce memory usage. Loaded Objects now: 3674.
Total: 3.285084 ms (FindLiveObjects: 0.377541 ms CreateObjectMapping: 0.081667 ms MarkObjects: 2.615000 ms  DeleteObjects: 0.209625 ms)

========================================================================
Received Import Request.
  path: Assets/BunnyHole_Asset/SlashVfx_0.mat
  artifactKey: Guid(531b6f1644b838f49969cce1fbdce043) Importer(815301076,1909f56bfc062723c751e8b465ee728b)
Start importing Assets/BunnyHole_Asset/SlashVfx_0.mat using Guid(531b6f1644b838f49969cce1fbdce043) Importer(815301076,1909f56bfc062723c751e8b465ee728b)  -> (artifact id: '09e892dddfaa584a9d4a616cfa641ab0') in 0.805650 seconds
  Import took 0.812102 seconds .

========================================================================
Received Import Request.
  Time since last request: 259.529743 seconds.
  path: Assets/Scripts/Cut.cs
  artifactKey: Guid(09f69ca9a31b6481c9e3fcc502ab33de) Importer(815301076,1909f56bfc062723c751e8b465ee728b)
Start importing Assets/Scripts/Cut.cs using Guid(09f69ca9a31b6481c9e3fcc502ab33de) Importer(815301076,1909f56bfc062723c751e8b465ee728b)  -> (artifact id: '643fa734f31d0272a8d55d05169d8a97') in 0.127759 seconds
  Import took 0.132721 seconds .

========================================================================
Received Prepare
Registering precompiled user dll's ...
Registered in 0.000939 seconds.
Begin MonoManager ReloadAssembly
Native extension for OSXStandalone target not found
Refreshing native plugins compatible for Editor in 0.84 ms, found 2 plugins.
Preloading 0 native plugins for Editor in 0.00 ms.
Mono: successfully reloaded assembly
- Completed reload, in  1.565 seconds
Platform modules already initialized, skipping
Shader 'MoreMountains/MMRipple': fallback shader 'Particle/AlphaBlended' not found
Refreshing native plugins compatible for Editor in 0.80 ms, found 2 plugins.
Preloading 0 native plugins for Editor in 0.00 ms.
Unloading 3154 Unused Serialized files (Serialized files now loaded: 0)
System memory in use before: 311.3 MB.
System memory in use after: 311.5 MB.

Unloading 12 unused Assets to reduce memory usage. Loaded Objects now: 3731.
Total: 1.957666 ms (FindLiveObjects: 0.235166 ms CreateObjectMapping: 0.074708 ms MarkObjects: 1.478667 ms  DeleteObjects: 0.168000 ms)

========================================================================
Received Prepare
Registering precompiled user dll's ...
Registered in 0.001045 seconds.
Begin MonoManager ReloadAssembly
Native extension for OSXStandalone target not found
Refreshing native plugins compatible for Editor in 0.84 ms, found 2 plugins.
Preloading 0 native plugins for Editor in 0.00 ms.
Mono: successfully reloaded assembly
- Completed reload, in  1.540 seconds
Platform modules already initialized, skipping
Shader 'MoreMountains/MMRipple': fallback shader 'Particle/AlphaBlended' not found
Refreshing native plugins compatible for Editor in 0.76 ms, found 2 plugins.
Preloading 0 native plugins for Editor in 0.00 ms.
Unloading 3154 Unused Serialized files (Serialized files now loaded: 0)
System memory in use before: 311.4 MB.
System memory in use after: 311.5 MB.

Unloading 12 unused Assets to reduce memory usage. Loaded Objects now: 3748.
Total: 1.966750 ms (FindLiveObjects: 0.216667 ms CreateObjectMapping: 0.070916 ms MarkObjects: 1.554292 ms  DeleteObjects: 0.123959 ms)

========================================================================
Received Prepare
Registering precompiled user dll's ...
Registered in 0.000978 seconds.
Begin MonoManager ReloadAssembly
Native extension for OSXStandalone target not found
Refreshing native plugins compatible for Editor in 0.86 ms, found 2 plugins.
Preloading 0 native plugins for Editor in 0.00 ms.
Mono: successfully reloaded assembly
- Completed reload, in  1.589 seconds
Platform modules already initialized, skipping
Shader 'MoreMountains/MMRipple': fallback shader 'Particle/AlphaBlended' not found
Refreshing native plugins compatible for Editor in 0.93 ms, found 2 plugins.
Preloading 0 native plugins for Editor in 0.00 ms.
Unloading 3154 Unused Serialized files (Serialized files now loaded: 0)
System memory in use before: 311.3 MB.
System memory in use after: 311.5 MB.

Unloading 12 unused Assets to reduce memory usage. Loaded Objects now: 3765.
Total: 1.731958 ms (FindLiveObjects: 0.220708 ms CreateObjectMapping: 0.071583 ms MarkObjects: 1.335333 ms  DeleteObjects: 0.103625 ms)

========================================================================
Received Prepare
Registering precompiled user dll's ...
Registered in 0.001905 seconds.
Begin MonoManager ReloadAssembly
Native extension for OSXStandalone target not found
Refreshing native plugins compatible for Editor in 0.90 ms, found 2 plugins.
Preloading 0 native plugins for Editor in 0.00 ms.
Mono: successfully reloaded assembly
- Completed reload, in  1.749 seconds
Platform modules already initialized, skipping
Shader 'MoreMountains/MMRipple': fallback shader 'Particle/AlphaBlended' not found
Refreshing native plugins compatible for Editor in 0.99 ms, found 2 plugins.
Preloading 0 native plugins for Editor in 0.00 ms.
Unloading 3154 Unused Serialized files (Serialized files now loaded: 0)
System memory in use before: 311.3 MB.
System memory in use after: 311.4 MB.

Unloading 12 unused Assets to reduce memory usage. Loaded Objects now: 3782.
Total: 1.953958 ms (FindLiveObjects: 0.223750 ms CreateObjectMapping: 0.067750 ms MarkObjects: 1.536375 ms  DeleteObjects: 0.124708 ms)

========================================================================
Received Prepare
Registering precompiled user dll's ...
Registered in 0.001009 seconds.
Begin MonoManager ReloadAssembly
Native extension for OSXStandalone target not found
Refreshing native plugins compatible for Editor in 0.85 ms, found 2 plugins.
Preloading 0 native plugins for Editor in 0.00 ms.
Mono: successfully reloaded assembly
- Completed reload, in  1.504 seconds
Platform modules already initialized, skipping
Shader 'MoreMountains/MMRipple': fallback shader 'Particle/AlphaBlended' not found
Refreshing native plugins compatible for Editor in 0.85 ms, found 2 plugins.
Preloading 0 native plugins for Editor in 0.00 ms.
Unloading 3154 Unused Serialized files (Serialized files now loaded: 0)
System memory in use before: 311.3 MB.
System memory in use after: 311.4 MB.

Unloading 12 unused Assets to reduce memory usage. Loaded Objects now: 3799.
Total: 1.881125 ms (FindLiveObjects: 0.219958 ms CreateObjectMapping: 0.075000 ms MarkObjects: 1.455208 ms  DeleteObjects: 0.129916 ms)

========================================================================
Received Prepare
Registering precompiled user dll's ...
Registered in 0.001017 seconds.
Begin MonoManager ReloadAssembly
Native extension for OSXStandalone target not found
Refreshing native plugins compatible for Editor in 0.86 ms, found 2 plugins.
Preloading 0 native plugins for Editor in 0.00 ms.
Mono: successfully reloaded assembly
- Completed reload, in  1.526 seconds
Platform modules already initialized, skipping
Shader 'MoreMountains/MMRipple': fallback shader 'Particle/AlphaBlended' not found
Refreshing native plugins compatible for Editor in 0.73 ms, found 2 plugins.
Preloading 0 native plugins for Editor in 0.00 ms.
Unloading 3154 Unused Serialized files (Serialized files now loaded: 0)
System memory in use before: 311.2 MB.
System memory in use after: 311.4 MB.

Unloading 12 unused Assets to reduce memory usage. Loaded Objects now: 3816.
Total: 1.861875 ms (FindLiveObjects: 0.246166 ms CreateObjectMapping: 0.075709 ms MarkObjects: 1.413666 ms  DeleteObjects: 0.125292 ms)

========================================================================
Received Prepare
Registering precompiled user dll's ...
Registered in 0.001034 seconds.
Begin MonoManager ReloadAssembly
Native extension for OSXStandalone target not found
Refreshing native plugins compatible for Editor in 0.84 ms, found 2 plugins.
Preloading 0 native plugins for Editor in 0.00 ms.
Mono: successfully reloaded assembly
- Completed reload, in  1.574 seconds
Platform modules already initialized, skipping
Shader 'MoreMountains/MMRipple': fallback shader 'Particle/AlphaBlended' not found
Refreshing native plugins compatible for Editor in 0.89 ms, found 2 plugins.
Preloading 0 native plugins for Editor in 0.00 ms.
Unloading 3154 Unused Serialized files (Serialized files now loaded: 0)
System memory in use before: 311.2 MB.
System memory in use after: 311.4 MB.

Unloading 12 unused Assets to reduce memory usage. Loaded Objects now: 3833.
Total: 1.801250 ms (FindLiveObjects: 0.218417 ms CreateObjectMapping: 0.071458 ms MarkObjects: 1.387833 ms  DeleteObjects: 0.122667 ms)

========================================================================
Received Prepare
Registering precompiled user dll's ...
Registered in 0.001069 seconds.
Begin MonoManager ReloadAssembly
Native extension for OSXStandalone target not found
Refreshing native plugins compatible for Editor in 0.78 ms, found 2 plugins.
Preloading 0 native plugins for Editor in 0.00 ms.
Mono: successfully reloaded assembly
- Completed reload, in  1.580 seconds
Platform modules already initialized, skipping
Shader 'MoreMountains/MMRipple': fallback shader 'Particle/AlphaBlended' not found
Refreshing native plugins compatible for Editor in 0.82 ms, found 2 plugins.
Preloading 0 native plugins for Editor in 0.00 ms.
Unloading 3154 Unused Serialized files (Serialized files now loaded: 0)
System memory in use before: 311.2 MB.
System memory in use after: 311.3 MB.

Unloading 12 unused Assets to reduce memory usage. Loaded Objects now: 3850.
Total: 1.903833 ms (FindLiveObjects: 0.215250 ms CreateObjectMapping: 0.070000 ms MarkObjects: 1.482417 ms  DeleteObjects: 0.135125 ms)

========================================================================
Received Prepare
Registering precompiled user dll's ...
Registered in 0.002017 seconds.
Begin MonoManager ReloadAssembly
Native extension for OSXStandalone target not found
Refreshing native plugins compatible for Editor in 1.01 ms, found 2 plugins.
Preloading 0 native plugins for Editor in 0.00 ms.
Mono: successfully reloaded assembly
- Completed reload, in  1.753 seconds
Platform modules already initialized, skipping
Shader 'MoreMountains/MMRipple': fallback shader 'Particle/AlphaBlended' not found
Refreshing native plugins compatible for Editor in 1.41 ms, found 2 plugins.
Preloading 0 native plugins for Editor in 0.00 ms.
Unloading 3154 Unused Serialized files (Serialized files now loaded: 0)
System memory in use before: 311.1 MB.
System memory in use after: 311.3 MB.

Unloading 12 unused Assets to reduce memory usage. Loaded Objects now: 3867.
Total: 2.277792 ms (FindLiveObjects: 0.321917 ms CreateObjectMapping: 0.074000 ms MarkObjects: 1.744917 ms  DeleteObjects: 0.135875 ms)

========================================================================
Received Import Request.
  Time since last request: 1223.383129 seconds.
  path: Assets/TopDownEngine/Demos/Colonel/Models/FBI@T-Pose.fbx
  artifactKey: Guid(5c442f9e667c3ac4089fc4321d655698) Importer(815301076,1909f56bfc062723c751e8b465ee728b)
Start importing Assets/TopDownEngine/Demos/Colonel/Models/FBI@T-Pose.fbx using Guid(5c442f9e667c3ac4089fc4321d655698) Importer(815301076,1909f56bfc062723c751e8b465ee728b)  -> (artifact id: '1ab0edbd5f1669df805b71e849433235') in 0.892476 seconds
  Import took 0.898601 seconds .

========================================================================
Received Import Request.
  Time since last request: 0.000372 seconds.
  path: Assets/TopDownEngine/Demos/StartScreen/Material/StartScreenBlueEmissive.mat
  artifactKey: Guid(61113a75e8200fe4ba710e1ddf55f62c) Importer(815301076,1909f56bfc062723c751e8b465ee728b)
Start importing Assets/TopDownEngine/Demos/StartScreen/Material/StartScreenBlueEmissive.mat using Guid(61113a75e8200fe4ba710e1ddf55f62c) Importer(815301076,1909f56bfc062723c751e8b465ee728b)  -> (artifact id: '0030b9cde6f67c79a6d20b55364f19af') in 0.332905 seconds
  Import took 0.338016 seconds .

========================================================================
Received Import Request.
  Time since last request: 0.000331 seconds.
  path: Assets/TopDownEngine/Demos/Tanks/Materials/TankBlueMaterial.mat
  artifactKey: Guid(33a972cdcd149f646873161b50a2b9bb) Importer(815301076,1909f56bfc062723c751e8b465ee728b)
Start importing Assets/TopDownEngine/Demos/Tanks/Materials/TankBlueMaterial.mat using Guid(33a972cdcd149f646873161b50a2b9bb) Importer(815301076,1909f56bfc062723c751e8b465ee728b)  -> (artifact id: 'bf4cde600c426e9081765361fdc6d45f') in 2.169570 seconds
  Import took 2.173863 seconds .

========================================================================
Received Import Request.
  Time since last request: 0.000283 seconds.
  path: Assets/TopDownEngine/Demos/StartScreen/Material/StartScreenYellowEmissive.mat
  artifactKey: Guid(9160bb6487de4e04baabfc069f9fc14e) Importer(815301076,1909f56bfc062723c751e8b465ee728b)
Start importing Assets/TopDownEngine/Demos/StartScreen/Material/StartScreenYellowEmissive.mat using Guid(9160bb6487de4e04baabfc069f9fc14e) Importer(815301076,1909f56bfc062723c751e8b465ee728b)  -> (artifact id: '9742055a73844e5fc82c9cd2026feb88') in 0.009417 seconds
  Import took 0.014250 seconds .

========================================================================
Received Import Request.
  Time since last request: 0.000268 seconds.
  path: Assets/TopDownEngine/Demos/Loft3D/Models/Ammo/LoftAmmoCrate.fbx
  artifactKey: Guid(675fea9647b63514ebeec7e6189b36f5) Importer(815301076,1909f56bfc062723c751e8b465ee728b)
Start importing Assets/TopDownEngine/Demos/Loft3D/Models/Ammo/LoftAmmoCrate.fbx using Guid(675fea9647b63514ebeec7e6189b36f5) Importer(815301076,1909f56bfc062723c751e8b465ee728b)  -> (artifact id: '0c5ac9aea33a733f8924256394d98d16') in 0.140813 seconds
  Import took 0.145819 seconds .

========================================================================
Received Import Request.
  Time since last request: 0.000286 seconds.
  path: Assets/TopDownEngine/Demos/StartScreen/Material/StartScreenPurpleEmissive.mat
  artifactKey: Guid(aebfeb2df67324441b05a5f822a68e58) Importer(815301076,1909f56bfc062723c751e8b465ee728b)
Start importing Assets/TopDownEngine/Demos/StartScreen/Material/StartScreenPurpleEmissive.mat using Guid(aebfeb2df67324441b05a5f822a68e58) Importer(815301076,1909f56bfc062723c751e8b465ee728b)  -> (artifact id: '2e2c6b5d0b8b764225a6b0e8fc404c64') in 0.008674 seconds
  Import took 0.013690 seconds .

========================================================================
Received Import Request.
  Time since last request: 0.000289 seconds.
  path: Assets/TopDownEngine/Demos/StartScreen/Material/StartScreenGreenEmissive.mat
  artifactKey: Guid(4065197acf94a0d4dabc518cca864f1a) Importer(815301076,1909f56bfc062723c751e8b465ee728b)
Start importing Assets/TopDownEngine/Demos/StartScreen/Material/StartScreenGreenEmissive.mat using Guid(4065197acf94a0d4dabc518cca864f1a) Importer(815301076,1909f56bfc062723c751e8b465ee728b)  -> (artifact id: 'aa04a6652a95b0b52ae732369b2d9a2d') in 0.008395 seconds
  Import took 0.013597 seconds .

========================================================================
Received Prepare
Registering precompiled user dll's ...
Registered in 0.001074 seconds.
Begin MonoManager ReloadAssembly
Native extension for OSXStandalone target not found
Refreshing native plugins compatible for Editor in 0.83 ms, found 2 plugins.
Preloading 0 native plugins for Editor in 0.00 ms.
Mono: successfully reloaded assembly
- Completed reload, in  1.554 seconds
Platform modules already initialized, skipping
Shader 'MoreMountains/MMRipple': fallback shader 'Particle/AlphaBlended' not found
Refreshing native plugins compatible for Editor in 0.88 ms, found 2 plugins.
Preloading 0 native plugins for Editor in 0.00 ms.
Unloading 3154 Unused Serialized files (Serialized files now loaded: 0)
System memory in use before: 358.7 MB.
System memory in use after: 358.9 MB.

Unloading 12 unused Assets to reduce memory usage. Loaded Objects now: 3888.
Total: 1.967166 ms (FindLiveObjects: 0.245042 ms CreateObjectMapping: 0.076291 ms MarkObjects: 1.512000 ms  DeleteObjects: 0.132542 ms)

========================================================================
Received Prepare
Registering precompiled user dll's ...
Registered in 0.000921 seconds.
Begin MonoManager ReloadAssembly
Native extension for OSXStandalone target not found
Refreshing native plugins compatible for Editor in 0.84 ms, found 2 plugins.
Preloading 0 native plugins for Editor in 0.00 ms.
Mono: successfully reloaded assembly
- Completed reload, in  1.566 seconds
Platform modules already initialized, skipping
Shader 'MoreMountains/MMRipple': fallback shader 'Particle/AlphaBlended' not found
Refreshing native plugins compatible for Editor in 0.86 ms, found 2 plugins.
Preloading 0 native plugins for Editor in 0.00 ms.
Unloading 3154 Unused Serialized files (Serialized files now loaded: 0)
System memory in use before: 358.6 MB.
System memory in use after: 358.7 MB.

Unloading 12 unused Assets to reduce memory usage. Loaded Objects now: 3905.
Total: 1.879917 ms (FindLiveObjects: 0.216416 ms CreateObjectMapping: 0.071292 ms MarkObjects: 1.456291 ms  DeleteObjects: 0.134708 ms)

